<?xml version="1.0" encoding="UTF-8"?>
<testng-results ignored="0" total="5" passed="5" failed="0" skipped="0">
  <reporter-output>
  </reporter-output>
  <suite started-at="2024-08-21T23:43:21 IST" name="Default suite" finished-at="2024-08-21T23:43:37 IST" duration-ms="16216">
    <groups>
    </groups>
    <test started-at="2024-08-21T23:43:21 IST" name="Default test" finished-at="2024-08-21T23:43:37 IST" duration-ms="16216">
      <class name="TestCase04.EndToEndTC_Login_To_Logout">
        <test-method is-config="true" signature="setup()[pri:0, instance:TestCase04.EndToEndTC_Login_To_Logout@1151e434]" started-at="2024-08-21T23:43:09 IST" name="setup" finished-at="2024-08-21T23:43:21 IST" duration-ms="11955" status="PASS">
          <reporter-output>
          </reporter-output>
        </test-method> <!-- setup -->
        <test-method signature="testlogin(java.lang.String,java.lang.String)[pri:0, instance:TestCase04.EndToEndTC_Login_To_Logout@1151e434]" started-at="2024-08-21T23:43:21 IST" name="testlogin" data-provider="dataSet" finished-at="2024-08-21T23:43:25 IST" duration-ms="3880" status="PASS">
          <params>
            <param index="0">
              <value>
                <![CDATA[Admin]]>
              </value>
            </param>
            <param index="1">
              <value>
                <![CDATA[admin123]]>
              </value>
            </param>
          </params>
          <reporter-output>
          </reporter-output>
        </test-method> <!-- testlogin -->
        <test-method signature="Admin()[pri:1, instance:TestCase04.EndToEndTC_Login_To_Logout@1151e434]" started-at="2024-08-21T23:43:25 IST" name="Admin" finished-at="2024-08-21T23:43:28 IST" duration-ms="2585" status="PASS">
          <reporter-output>
          </reporter-output>
        </test-method> <!-- Admin -->
        <test-method signature="SpecificUsersTest()[pri:2, instance:TestCase04.EndToEndTC_Login_To_Logout@1151e434]" started-at="2024-08-21T23:43:28 IST" name="SpecificUsersTest" finished-at="2024-08-21T23:43:32 IST" duration-ms="4115" status="PASS">
          <reporter-output>
          </reporter-output>
        </test-method> <!-- SpecificUsersTest -->
        <test-method signature="AllUsersTest()[pri:3, instance:TestCase04.EndToEndTC_Login_To_Logout@1151e434]" started-at="2024-08-21T23:43:32 IST" name="AllUsersTest" finished-at="2024-08-21T23:43:33 IST" duration-ms="745" status="PASS">
          <reporter-output>
          </reporter-output>
        </test-method> <!-- AllUsersTest -->
        <test-method signature="signOutPage()[pri:4, instance:TestCase04.EndToEndTC_Login_To_Logout@1151e434]" started-at="2024-08-21T23:43:33 IST" name="signOutPage" finished-at="2024-08-21T23:43:37 IST" duration-ms="4739" status="PASS">
          <reporter-output>
          </reporter-output>
        </test-method> <!-- signOutPage -->
        <test-method is-config="true" signature="closeBrowser()[pri:0, instance:TestCase04.EndToEndTC_Login_To_Logout@1151e434]" started-at="2024-08-21T23:43:38 IST" name="closeBrowser" finished-at="2024-08-21T23:43:41 IST" duration-ms="2952" status="PASS">
          <reporter-output>
          </reporter-output>
        </test-method> <!-- closeBrowser -->
      </class> <!-- TestCase04.EndToEndTC_Login_To_Logout -->
    </test> <!-- Default test -->
  </suite> <!-- Default suite -->
</testng-results>
