<?xml version="1.0" encoding="UTF-8"?>
<!-- Generated by org.testng.reporters.JUnitXMLReporter -->
<testsuite ignored="0" hostname="DESKTOP-7BQIMKS" failures="0" tests="5" name="Default test" time="16.216" errors="0" timestamp="2024-08-21T23:43:38 IST">
  <testcase classname="TestCase04.EndToEndTC_Login_To_Logout" name="testlogin" time="3.88"/>
  <testcase classname="TestCase04.EndToEndTC_Login_To_Logout" name="Admin" time="2.585"/>
  <testcase classname="TestCase04.EndToEndTC_Login_To_Logout" name="SpecificUsersTest" time="4.115"/>
  <testcase classname="TestCase04.EndToEndTC_Login_To_Logout" name="AllUsersTest" time="0.745"/>
  <testcase classname="TestCase04.EndToEndTC_Login_To_Logout" name="signOutPage" time="4.739"/>
</testsuite> <!-- Default test -->
